<?xml version="1.0" encoding="UTF-8"?>
<!-- Generated by org.testng.reporters.JUnitReportReporter -->
<testsuite hostname="DESKTOP-F0LO0RU" failures="0" tests="2" name="com.ITLearn.test.PaymentTest" time="18.747" errors="0" timestamp="2024-03-19T08:55:48 EDT" skipped="0">
  <testcase classname="com.ITLearn.test.PaymentTest" name="doPayment" time="15.012"/>
  <testcase classname="com.ITLearn.test.PaymentTest" name="verify" time="3.735"/>
</testsuite> <!-- com.ITLearn.test.PaymentTest -->
