<?xml version="1.0" encoding="UTF-8"?>
<!-- Generated by org.testng.reporters.JUnitReportReporter -->
<testsuite hostname="DESKTOP-F0LO0RU" failures="0" tests="2" name="com.ITLearn.test.SearchTest" time="3.769" errors="0" timestamp="2024-03-19T09:01:03 EDT" skipped="0">
  <testcase classname="com.ITLearn.test.SearchTest" name="coreSearch" time="0.752"/>
  <testcase classname="com.ITLearn.test.SearchTest" name="verify" time="3.017"/>
</testsuite> <!-- com.ITLearn.test.SearchTest -->
